Arguments: 
  C:\Program Files\nodejs\node.exe C:\Program Files (x86)\Yarn\bin\yarn.js publish

PATH: 
  C:\Users\bvaradh\bin;C:\Program Files\Git\mingw64\bin;C:\Program Files\Git\usr\local\bin;C:\Program Files\Git\usr\bin;C:\Program Files\Git\usr\bin;C:\Program Files\Git\mingw64\bin;C:\Program Files\Git\usr\bin;C:\Users\bvaradh\bin;C:\ProgramData\Oracle\Java\javapath;C:\Program Files\Common Files\Microsoft Shared\Windows Live;C:\Program Files (x86)\Common Files\Microsoft Shared\Windows Live;C:\windows\system32;C:\windows;C:\windows\System32\Wbem;C:\windows\System32\WindowsPowerShell\v1.0;C:\Program Files\TortoiseGit\bin;C:\Program Files\TortoiseSVN\bin;C:\wamp\bin\php\php5.5.12;C:\ProgramData\ComposerSetup\bin;C:\Program Files\Microsoft SQL Server\110\Tools\Binn;C:\Program Files (x86)\Windows Kits\8.1\Windows Performance Toolkit;C:\Program Files\Microsoft SQL Server\120\Tools\Binn;C:\Program Files\Microsoft\Web Platform Installer;C:\Program Files (x86)\Brackets\command;C:\windows\system32\config\systemprofile\.dnx\bin;C:\Program Files\Microsoft DNX\Dnvm;C:\Program Files (x86)\Google\Google Apps Sync;C:\Program Files (x86)\Google\Google Apps Migration;C:\Program Files (x86)\Windows Live\Shared;C:\Program Files\nodejs;C:\Program Files (x86)\Skype\Phone;C:\Program Files\Perforce;C:\Windows\Microsoft.NET\Framework\v4.0.30319;C:\Program Files\Git\cmd;C:\Program Files (x86)\Yarn\bin;C:\Program Files (x86)\Microsoft VS Code\bin;C:\Users\bvaradh\AppData\Roaming\npm;C:\Windows\Microsoft.NET\Framework\v4.0.30319;C:\Users\bvaradh\AppData\Local\Programs\Fiddler;C:\Users\bvaradh\AppData\Local\Yarn\bin;C:\Program Files\Git\usr\bin\vendor_perl;C:\Program Files\Git\usr\bin\core_perl

Yarn version: 
  1.3.2

Node version: 
  6.9.1

Platform: 
  win32 x64

npm manifest: 
  {
      "name": "common-css",
      "version": "1.0.0",
      "main": "index.html",
      "repository": "https://github.com/test-webcomponents/common-css.git",
      "author": "<balasuresh_varadharajan@trimble.com>",
      "license": "MIT"
  }

yarn manifest: 
  No manifest

Lockfile: 
  No lockfile

Trace: 
  Error: https://registry.yarnpkg.com/common-css: You do not have permission to publish "common-css". Are you logged in as the correct user?
      at Request.params.callback [as _callback] (C:\Program Files (x86)\Yarn\lib\cli.js:62098:18)
      at Request.self.callback (C:\Program Files (x86)\Yarn\lib\cli.js:123085:22)
      at emitTwo (events.js:106:13)
      at Request.emit (events.js:191:7)
      at Request.<anonymous> (C:\Program Files (x86)\Yarn\lib\cli.js:124068:10)
      at emitOne (events.js:96:13)
      at Request.emit (events.js:188:7)
      at Gunzip.<anonymous> (C:\Program Files (x86)\Yarn\lib\cli.js:123988:12)
      at Gunzip.g (events.js:291:16)
      at emitNone (events.js:91:20)
